[compress start] 当前堆内存使用: 193 MB / 65536 MB, 距离启动时间: 874 ms
[start delete] 当前堆内存使用: 193 MB / 65536 MB, 距离启动时间: 875 ms
[end delete] 当前堆内存使用: 193 MB / 65536 MB, 距离启动时间: 875 ms
[compute delta] 当前堆内存使用: 257 MB / 65536 MB, 距离启动时间: 1239 ms
[start delete] 当前堆内存使用: 257 MB / 65536 MB, 距离启动时间: 1243 ms
[end delete] 当前堆内存使用: 257 MB / 65536 MB, 距离启动时间: 1245 ms
[compute delta] 当前堆内存使用: 353 MB / 65536 MB, 距离启动时间: 1577 ms
[start delete] 当前堆内存使用: 417 MB / 65536 MB, 距离启动时间: 1733 ms
[end delete] 当前堆内存使用: 417 MB / 65536 MB, 距离启动时间: 1733 ms
[compute delta] 当前堆内存使用: 82 MB / 65536 MB, 距离启动时间: 1883 ms
[start delete] 当前堆内存使用: 82 MB / 65536 MB, 距离启动时间: 1883 ms
[end delete] 当前堆内存使用: 82 MB / 65536 MB, 距离启动时间: 1890 ms
[compute delta] 当前堆内存使用: 146 MB / 65536 MB, 距离启动时间: 2018 ms
[start delete] 当前堆内存使用: 146 MB / 65536 MB, 距离启动时间: 2082 ms
[end delete] 当前堆内存使用: 146 MB / 65536 MB, 距离启动时间: 2082 ms
[compute delta] 当前堆内存使用: 210 MB / 65536 MB, 距离启动时间: 2180 ms
[start delete] 当前堆内存使用: 210 MB / 65536 MB, 距离启动时间: 2180 ms
[end delete] 当前堆内存使用: 210 MB / 65536 MB, 距离启动时间: 2182 ms
[compute delta] 当前堆内存使用: 274 MB / 65536 MB, 距离启动时间: 2274 ms
[start delete] 当前堆内存使用: 274 MB / 65536 MB, 距离启动时间: 2320 ms
[end delete] 当前堆内存使用: 274 MB / 65536 MB, 距离启动时间: 2320 ms
[compute delta] 当前堆内存使用: 338 MB / 65536 MB, 距离启动时间: 2407 ms
[start delete] 当前堆内存使用: 338 MB / 65536 MB, 距离启动时间: 2407 ms
[end delete] 当前堆内存使用: 338 MB / 65536 MB, 距离启动时间: 2408 ms
[compute delta] 当前堆内存使用: 402 MB / 65536 MB, 距离启动时间: 2493 ms
[start delete] 当前堆内存使用: 402 MB / 65536 MB, 距离启动时间: 2514 ms
[end delete] 当前堆内存使用: 402 MB / 65536 MB, 距离启动时间: 2515 ms
[compute delta] 当前堆内存使用: 466 MB / 65536 MB, 距离启动时间: 2595 ms
[start delete] 当前堆内存使用: 466 MB / 65536 MB, 距离启动时间: 2595 ms
[end delete] 当前堆内存使用: 466 MB / 65536 MB, 距离启动时间: 2595 ms
[compute delta] 当前堆内存使用: 44 MB / 65536 MB, 距离启动时间: 2689 ms
[remove start] 当前堆内存使用: 44 MB / 65536 MB, 距离启动时间: 2699 ms
[remove end] 当前堆内存使用: 76 MB / 65536 MB, 距离启动时间: 2753 ms
[final compress start] 当前堆内存使用: 76 MB / 65536 MB, 距离启动时间: 2753 ms
[final compress end] 当前堆内存使用: 497 MB / 65536 MB, 距离启动时间: 21553 ms
[delete tuple 2 start] 当前堆内存使用: 497 MB / 65536 MB, 距离启动时间: 21569 ms
